0 silly argv { _: [ 'add' ],
0 silly argv   scope: 'example',
0 silly argv   globs: [],
0 silly argv   lernaVersion: '3.22.1',
0 silly argv   '$0': '/usr/local/bin/lerna',
0 silly argv   pkg: 'vue-types@2.0.0' }
1 notice cli v3.22.1
2 verbose rootPath /Users/peckzeg/Documents/Projects/ayase
3 error vue-types: No matching version found for vue-types@2.0.0.
3 error     at pickManifest (/Users/peckzeg/Documents/Projects/ayase/node_modules/npm-pick-manifest/index.js:122:13)
3 error     at fetchPackument.then.packument (/Users/peckzeg/Documents/Projects/ayase/node_modules/@evocateur/pacote/lib/fetchers/registry/manifest.js:24:14)
3 error     at process._tickCallback (internal/process/next_tick.js:68:7)
3 error From previous event:
3 error     at /Users/peckzeg/Documents/Projects/ayase/node_modules/promise-inflight/inflight.js:29:16
3 error From previous event:
3 error     at _inflight (/Users/peckzeg/Documents/Projects/ayase/node_modules/promise-inflight/inflight.js:28:25)
3 error     at /Users/peckzeg/Documents/Projects/ayase/node_modules/promise-inflight/inflight.js:22:14
3 error     at runCallback (timers.js:705:18)
3 error     at tryOnImmediate (timers.js:676:5)
3 error     at processImmediate (timers.js:658:5)
3 error From previous event:
3 error     at inflight (/Users/peckzeg/Documents/Projects/ayase/node_modules/promise-inflight/inflight.js:14:40)
3 error     at manifest (/Users/peckzeg/Documents/Projects/ayase/node_modules/@evocateur/pacote/manifest.js:22:10)
3 error     at AddCommand.getPackageVersion (/Users/peckzeg/Documents/Projects/ayase/node_modules/@lerna/add/index.js:197:12)
